C:\Program Files (x86)\MSBuild\Microsoft.Cpp\v4.0\V140\Microsoft.CppBuild.targets(392,5): warning MSB8028: The intermediate directory (x64\Debug\) contains files shared from another project (sslechoclient.vcxproj, tsell.vcxproj, tv.vcxproj, v.vcxproj).  This can lead to incorrect clean and rebuild behavior.
  Generate moc_predefs.h
  Moc'ing src\qhttpmanager.h...
  main.cpp
  qbizmanager.cpp
  qhttpmanager.cpp
  moc_qhttpmanager.cpp
src\qhttpmanager.cpp(87): warning C4100: “web”: 未引用的形参
src\main.cpp(6): warning C4100: “context”: 未引用的形参
src\qbizmanager.cpp(15): warning C4189: “num”: 局部变量已初始化但不引用
src\qbizmanager.cpp(82): warning C4189: “n4”: 局部变量已初始化但不引用
src\qbizmanager.cpp(83): warning C4189: “n5”: 局部变量已初始化但不引用
src\qbizmanager.cpp(192): warning C4100: “price”: 未引用的形参
src\qbizmanager.cpp(192): warning C4100: “bal”: 未引用的形参
src\qbizmanager.cpp(463): warning C4100: “vol”: 未引用的形参
src\qbizmanager.cpp(517): warning C4189: “sp”: 局部变量已初始化但不引用
src\qbizmanager.cpp(518): warning C4189: “num”: 局部变量已初始化但不引用
src\qbizmanager.cpp(782): warning C4189: “total”: 局部变量已初始化但不引用
  bitcointalk.vcxproj -> F:\yobit\v\debug\tv.exe
  bitcointalk.vcxproj -> debug\tv.pdb (Full PDB)
