c:\users\admin\documents\tencent files\625747180\filerecv\sslechoclient\x64\debug\moc_sslechoclient.obj
c:\users\admin\documents\tencent files\625747180\filerecv\sslechoclient\x64\debug\moc_httplib.obj
c:\users\admin\documents\tencent files\625747180\filerecv\sslechoclient\x64\debug\main.obj
c:\users\admin\documents\tencent files\625747180\filerecv\sslechoclient\x64\debug\sslechoclient.obj
c:\users\admin\documents\tencent files\625747180\filerecv\sslechoclient\x64\debug\httplib.obj
c:\users\admin\documents\tencent files\625747180\filerecv\sslechoclient\x64\debug\vc140.pdb
c:\users\admin\documents\tencent files\625747180\filerecv\sslechoclient\x64\debug\websocket.obj
c:\users\admin\documents\tencent files\625747180\filerecv\sslechoclient\x64\debug\moc_websocket.obj
c:\users\admin\documents\tencent files\625747180\filerecv\sslechoclient\debug\moc_predefs.h
c:\users\admin\documents\tencent files\625747180\filerecv\sslechoclient\debug\sslechoclient.ilk
c:\users\admin\documents\tencent files\625747180\filerecv\sslechoclient\debug\sslechoclient.exe
c:\users\admin\documents\tencent files\625747180\filerecv\sslechoclient\debug\sslechoclient.pdb
c:\users\admin\documents\tencent files\625747180\filerecv\sslechoclient\generatedfiles\debug\moc_sslechoclient.cpp
c:\users\admin\documents\tencent files\625747180\filerecv\sslechoclient\generatedfiles\debug\moc_httplib.cpp
c:\users\admin\documents\tencent files\625747180\filerecv\sslechoclient\generatedfiles\debug\moc_websocket.cpp
c:\users\admin\documents\tencent files\625747180\filerecv\sslechoclient\x64\debug\sslechoclient.tlog\cl.command.1.tlog
c:\users\admin\documents\tencent files\625747180\filerecv\sslechoclient\x64\debug\sslechoclient.tlog\cl.read.1.tlog
c:\users\admin\documents\tencent files\625747180\filerecv\sslechoclient\x64\debug\sslechoclient.tlog\cl.write.1.tlog
c:\users\admin\documents\tencent files\625747180\filerecv\sslechoclient\x64\debug\sslechoclient.tlog\custombuild.command.1.tlog
c:\users\admin\documents\tencent files\625747180\filerecv\sslechoclient\x64\debug\sslechoclient.tlog\custombuild.read.1.tlog
c:\users\admin\documents\tencent files\625747180\filerecv\sslechoclient\x64\debug\sslechoclient.tlog\custombuild.write.1.tlog
c:\users\admin\documents\tencent files\625747180\filerecv\sslechoclient\x64\debug\sslechoclient.tlog\link.command.1.tlog
c:\users\admin\documents\tencent files\625747180\filerecv\sslechoclient\x64\debug\sslechoclient.tlog\link.read.1.tlog
c:\users\admin\documents\tencent files\625747180\filerecv\sslechoclient\x64\debug\sslechoclient.tlog\link.write.1.tlog
c:\users\admin\documents\tencent files\625747180\filerecv\sslechoclient\x64\debug\sslechoclient.tlog\sslechoclient.write.1u.tlog
