f:\yobit\v\x64\debug\main.obj
f:\yobit\v\x64\debug\qbizmanager.obj
f:\yobit\v\x64\debug\moc_qhttpmanager.obj
f:\yobit\v\x64\debug\qhttpmanager.obj
f:\yobit\v\x64\debug\vc140.pdb
f:\yobit\v\debug\moc_predefs.h
f:\yobit\v\debug\vvv.ilk
f:\yobit\v\debug\vvv.exe
f:\yobit\v\debug\vvv.pdb
f:\yobit\v\debug\moc_qhttpmanager.cpp
f:\yobit\v\x64\debug\v.tlog\cl.command.1.tlog
f:\yobit\v\x64\debug\v.tlog\cl.read.1.tlog
f:\yobit\v\x64\debug\v.tlog\cl.write.1.tlog
f:\yobit\v\x64\debug\v.tlog\custombuild.command.1.tlog
f:\yobit\v\x64\debug\v.tlog\custombuild.read.1.tlog
f:\yobit\v\x64\debug\v.tlog\custombuild.write.1.tlog
f:\yobit\v\x64\debug\v.tlog\link.command.1.tlog
f:\yobit\v\x64\debug\v.tlog\link.read.1.tlog
f:\yobit\v\x64\debug\v.tlog\link.write.1.tlog
f:\yobit\v\x64\debug\v.tlog\moc.read.1u.tlog
f:\yobit\v\x64\debug\v.tlog\moc.write.1u.tlog
f:\yobit\v\x64\debug\v.tlog\v.write.1u.tlog
